生成启动时间为 2017/10/25 23:01:21。
     1>项目“G:\desktop\c++code\homework2\Q75\Q77\Q77.vcxproj”在节点 2 上(Build 个目标)。
     1>ClCompile:
         F:\vs\VC\bin\CL.exe /c /ZI /W3 /WX- /sdl /Od /Oy- /D WIN32 /D _DEBUG /D _CONSOLE /D _LIB /D _UNICODE /D UNICODE /Gm /EHsc /RTC1 /MDd /GS /fp:precise /Zc:wchar_t /Zc:forScope /Fo"Debug\\" /Fd"Debug\vc120.pdb" /Gd /TP /analyze- /errorReport:prompt "源.cpp"
         用于 x86 的 Microsoft (R) C/C++ 优化编译器 18.00.31101 版版权所有(C) Microsoft Corporation。  保留所有权利。
         
         cl /c /ZI /W3 /WX- /sdl /Od /Oy- /D WIN32 /D _DEBUG /D _CONSOLE /D _LIB /D _UNICODE /D UNICODE /Gm /EHsc /RTC1 /MDd /GS /fp:precise /Zc:wchar_t /Zc:forScope /Fo"Debug\\" /Fd"Debug\vc120.pdb" /Gd /TP /analyze- /errorReport:prompt "源.cpp"
         
         源.cpp
     1>g:\desktop\c++code\homework2\q75\q77\源.cpp(27): warning C4018: “<”: 有符号/无符号不匹配
     1>g:\desktop\c++code\homework2\q75\q77\源.cpp(53): warning C4018: “<”: 有符号/无符号不匹配
     1>g:\desktop\c++code\homework2\q75\q77\源.cpp(75): warning C4018: “<”: 有符号/无符号不匹配
     1>g:\desktop\c++code\homework2\q75\q77\源.cpp(101): warning C4018: “<”: 有符号/无符号不匹配
       Link:
         F:\vs\VC\bin\link.exe /ERRORREPORT:PROMPT /OUT:"G:\desktop\c++code\homework2\Q75\Debug\Q77.exe" /INCREMENTAL kernel32.lib user32.lib gdi32.lib winspool.lib comdlg32.lib advapi32.lib shell32.lib ole32.lib oleaut32.lib uuid.lib odbc32.lib odbccp32.lib /MANIFEST /MANIFESTUAC:"level='asInvoker' uiAccess='false'" /manifest:embed /DEBUG /PDB:"G:\desktop\c++code\homework2\Q75\Debug\Q77.pdb" /SUBSYSTEM:CONSOLE /TLBID:1 /DYNAMICBASE /NXCOMPAT /IMPLIB:"G:\desktop\c++code\homework2\Q75\Debug\Q77.lib" /MACHINE:X86 "Debug\源.obj"
         Microsoft (R) Incremental Linker Version 12.00.31101.0
         Copyright (C) Microsoft Corporation.  All rights reserved.
         
         "/OUT:G:\desktop\c++code\homework2\Q75\Debug\Q77.exe" /INCREMENTAL kernel32.lib user32.lib gdi32.lib winspool.lib comdlg32.lib advapi32.lib shell32.lib ole32.lib oleaut32.lib uuid.lib odbc32.lib odbccp32.lib /MANIFEST "/MANIFESTUAC:level='asInvoker' uiAccess='false'" /manifest:embed /DEBUG "/PDB:G:\desktop\c++code\homework2\Q75\Debug\Q77.pdb" /SUBSYSTEM:CONSOLE /TLBID:1 /DYNAMICBASE /NXCOMPAT "/IMPLIB:G:\desktop\c++code\homework2\Q75\Debug\Q77.lib" /MACHINE:X86 "Debug\源.obj" 
         Q77.vcxproj -> G:\desktop\c++code\homework2\Q75\Debug\Q77.exe
     1>已完成生成项目“G:\desktop\c++code\homework2\Q75\Q77\Q77.vcxproj”(Build 个目标)的操作。

生成成功。

已用时间 00:00:02.92
