c:\users\administrator\desktop\c艹code\h1\q65\debug\vc120.pdb
c:\users\administrator\desktop\c艹code\h1\q65\debug\vc120.idb
c:\users\administrator\desktop\c艹code\h1\q65\debug\源.obj
c:\users\administrator\desktop\c艹code\h1\debug\q65.pdb
c:\users\administrator\desktop\c艹code\h1\q65\debug\q65.tlog\cl.command.1.tlog
c:\users\administrator\desktop\c艹code\h1\q65\debug\q65.tlog\cl.read.1.tlog
c:\users\administrator\desktop\c艹code\h1\q65\debug\q65.tlog\cl.write.1.tlog
c:\users\administrator\desktop\c艹code\h1\q65\debug\q65.tlog\link-cvtres.read.1.tlog
c:\users\administrator\desktop\c艹code\h1\q65\debug\q65.tlog\link-cvtres.write.1.tlog
c:\users\administrator\desktop\c艹code\h1\q65\debug\q65.tlog\link-rc.read.1.tlog
c:\users\administrator\desktop\c艹code\h1\q65\debug\q65.tlog\link-rc.write.1.tlog
c:\users\administrator\desktop\c艹code\h1\q65\debug\q65.tlog\link.10080-cvtres.read.1.tlog
c:\users\administrator\desktop\c艹code\h1\q65\debug\q65.tlog\link.10080-cvtres.write.1.tlog
c:\users\administrator\desktop\c艹code\h1\q65\debug\q65.tlog\link.10080-rc.read.1.tlog
c:\users\administrator\desktop\c艹code\h1\q65\debug\q65.tlog\link.10080-rc.write.1.tlog
c:\users\administrator\desktop\c艹code\h1\q65\debug\q65.tlog\link.10080.read.1.tlog
c:\users\administrator\desktop\c艹code\h1\q65\debug\q65.tlog\link.10080.write.1.tlog
c:\users\administrator\desktop\c艹code\h1\q65\debug\q65.tlog\link.command.1.tlog
c:\users\administrator\desktop\c艹code\h1\q65\debug\q65.tlog\link.read.1.tlog
c:\users\administrator\desktop\c艹code\h1\q65\debug\q65.tlog\link.write.1.tlog
